<?xml version="1.0" encoding="utf-8"?>
<shfbBuild product="Sandcastle Help File Builder and Tools" version="2016.5.28.0" projectFile="C:\Code\Git\CFX\CFX\Documentation\CFX.Messaging.shfbproj" started="1/12/2017 1:51:28 PM">
<buildStep step="Initializing">
Finding tools...
The Sandcastle tools are located in &#39;C:\Program Files (x86)\EWSoftware\Sandcastle Help File Builder\&#39;
Locating components in the following folder(s):
    C:\Code\Git\CFX\CFX\Documentation
    C:\ProgramData\EWSoftware\Sandcastle Help File Builder\Components and Plug-Ins\
    C:\Program Files (x86)\EWSoftware\Sandcastle Help File Builder\
Using framework reflection data for &#39;.NET Framework 4.5&#39; located in &#39;C:\Program Files (x86)\EWSoftware\Sandcastle Help File Builder\Data\.NETFramework&#39;
Using presentation style &#39;VS2013&#39; located in &#39;C:\Program Files (x86)\EWSoftware\Sandcastle Help File Builder\PresentationStyles\VS2013&#39;
Loading and initializing plug-ins...
Lightweight Website Style Version 2016.5.28.0
Copyright &#169; 2006-2016, Eric Woodruff, All Rights Reserved
Portions Copyright &#169; 2014, Sam Harwell, All Rights Reserved
-------------------------------
Clearing any prior web/markdown output...
</buildStep>
<buildStep step="ValidatingDocumentationSources">
Validating and copying documentation source information
Source: C:\Code\Git\CFX\CFX\bin\Debug\CFX.Messaging.dll
    Found assembly &#39;C:\Code\Git\CFX\CFX\bin\Debug\CFX.Messaging.dll&#39;
Source: C:\Code\Git\CFX\CFX\bin\Debug\CFX.Messaging.xml

Copying XML comments files
    C:\Code\Git\CFX\CFX\bin\Debug\CFX.Messaging.XML -&gt; C:\Code\Git\CFX\CFX\Documentation\Help\Working\CFX.Messaging.XML
</buildStep>
<buildStep step="GenerateSharedContent">
Generating shared content files (en-US, English (United States))...
<plugIn name="Lightweight Website Style" behavior="After" priority="1000">
</plugIn>    Last step completed in 00:00:00.0160
</buildStep>
<buildStep step="GenerateApiFilter">
Generating API filter for MRefBuilder...
    Last step completed in 00:00:00.0040
</buildStep>
<buildStep step="GenerateReflectionInfo">
Generating reflection information...
[C:\Windows\Microsoft.NET\Framework64\v4.0.30319\MSBuild.exe - GenerateRefInfo.proj]
Build started 1/12/2017 1:51:29 PM.
The target &quot;_ConvertPdbFiles&quot; listed in a BeforeTargets attribute at &quot;C:\Program Files (x86)\MSBuild\4.0\Microsoft.Common.targets\ImportAfter\Xamarin.Common.targets (34,37)&quot; does not exist in the project, and will be ignored.
The target &quot;_CollectPdbFiles&quot; listed in an AfterTargets attribute at &quot;C:\Program Files (x86)\MSBuild\4.0\Microsoft.Common.targets\ImportAfter\Xamarin.Common.targets (34,70)&quot; does not exist in the project, and will be ignored.
The target &quot;_CollectMdbFiles&quot; listed in a BeforeTargets attribute at &quot;C:\Program Files (x86)\MSBuild\4.0\Microsoft.Common.targets\ImportAfter\Xamarin.Common.targets (41,38)&quot; does not exist in the project, and will be ignored.
The target &quot;_CopyMdbFiles&quot; listed in an AfterTargets attribute at &quot;C:\Program Files (x86)\MSBuild\4.0\Microsoft.Common.targets\ImportAfter\Xamarin.Common.targets (41,71)&quot; does not exist in the project, and will be ignored.
Project &quot;C:\Code\Git\CFX\CFX\Documentation\Help\Working\GenerateRefInfo.proj&quot; on node 1 (default targets).
PrepareForBuild:
  Creating directory &quot;obj\Debug\&quot;.
GenerateRefInfo:
  MRefBuilder (v2016.5.28.0)
  Copyright c 2006-2016, Microsoft Corporation, All Rights Reserved.
  Portions Copyright c 2006-2016, Eric Woodruff, All Rights Reserved.
  Loaded 1 assemblies for reflection and 1 dependency assemblies.
  Wrote information on 23 namespaces, 42 types, and 53 members
  Copying file from &quot;reflection.org&quot; to &quot;reflection.all&quot;.
  XslTransform (v2016.5.28.0)
  Copyright c 2006-2016, Microsoft Corporation, All Rights Reserved.
  Portions Copyright c 2006-2016, Eric Woodruff, All Rights Reserved.
  Applying XSL transformation &#39;C:\Program Files (x86)\EWSoftware\Sandcastle Help File Builder\ProductionTransforms\MergeDuplicates.xsl&#39;.
Done Building Project &quot;C:\Code\Git\CFX\CFX\Documentation\Help\Working\GenerateRefInfo.proj&quot; (default targets).

Build succeeded.

Time Elapsed 00:00:00.55
    Last step completed in 00:00:00.6666
</buildStep>
<buildStep step="TransformReflectionInfo">
Transforming reflection output...
[C:\Windows\Microsoft.NET\Framework64\v4.0.30319\MSBuild.exe - TransformManifest.proj]
Build started 1/12/2017 1:51:30 PM.
Project &quot;C:\Code\Git\CFX\CFX\Documentation\Help\Working\TransformManifest.proj&quot; on node 1 (default targets).
TransformManifest:
  XslTransform (v2016.5.28.0)
  Copyright c 2006-2016, Microsoft Corporation, All Rights Reserved.
  Portions Copyright c 2006-2016, Eric Woodruff, All Rights Reserved.
  Applying XSL transformation &#39;C:\Program Files (x86)\EWSoftware\Sandcastle Help File Builder\\ProductionTransforms\ApplyVSDocModel.xsl&#39;.
  Copying file from &quot;reflection.xml&quot; to &quot;reflection.nofilenames&quot;.
  XslTransform (v2016.5.28.0)
  Copyright c 2006-2016, Microsoft Corporation, All Rights Reserved.
  Portions Copyright c 2006-2016, Eric Woodruff, All Rights Reserved.
  Applying XSL transformation &#39;C:\Program Files (x86)\EWSoftware\Sandcastle Help File Builder\ProductionTransforms\AddFilenames.xsl&#39;.
  XslTransform (v2016.5.28.0)
  Copyright c 2006-2016, Microsoft Corporation, All Rights Reserved.
  Portions Copyright c 2006-2016, Eric Woodruff, All Rights Reserved.
  Applying XSL transformation &#39;C:\Program Files (x86)\EWSoftware\Sandcastle Help File Builder\ProductionTransforms\ReflectionToManifest.xsl&#39;.
Done Building Project &quot;C:\Code\Git\CFX\CFX\Documentation\Help\Working\TransformManifest.proj&quot; (default targets).

Build succeeded.

Time Elapsed 00:00:00.33
    Last step completed in 00:00:00.4397
</buildStep>
<buildStep step="GenerateNamespaceSummaries">
Generating namespace summary information...
    Last step completed in 00:00:00.0180
</buildStep>
<buildStep step="CopyAdditionalContent">
Copying additional content files...
No additional content to copy
    Last step completed in 00:00:00.0020
</buildStep>
<buildStep step="MergeTablesOfContents">
Merging conceptual and additional tables of contents...
    Last step completed in 00:00:00.0000
</buildStep>
<buildStep step="GenerateIntermediateTableOfContents">
Generating intermediate table of contents file...
[C:\Windows\Microsoft.NET\Framework64\v4.0.30319\MSBuild.exe - GenerateIntermediateTOC.proj]
Build started 1/12/2017 1:51:30 PM.
Project &quot;C:\Code\Git\CFX\CFX\Documentation\Help\Working\GenerateIntermediateTOC.proj&quot; on node 1 (default targets).
GenerateIntermediateTOC:
  XslTransform (v2016.5.28.0)
  Copyright c 2006-2016, Microsoft Corporation, All Rights Reserved.
  Portions Copyright c 2006-2016, Eric Woodruff, All Rights Reserved.
  Applying XSL transformation &#39;C:\Program Files (x86)\EWSoftware\Sandcastle Help File Builder\\ProductionTransforms\CreateVSToc.xsl&#39;.
Done Building Project &quot;C:\Code\Git\CFX\CFX\Documentation\Help\Working\GenerateIntermediateTOC.proj&quot; (default targets).

Build succeeded.

Time Elapsed 00:00:00.10
Generating conceptual content intermediate TOC file...
    Last step completed in 00:00:00.2103
</buildStep>
<buildStep step="CreateBuildAssemblerConfigs">
Creating Sandcastle configuration files...
    sandcastle.config
    Last step completed in 00:00:00.1385
</buildStep>
<buildStep step="MergeCustomConfigs">
Merging custom build component configurations
C:\Code\Git\CFX\CFX\Documentation\Help\Working\sandcastle.config
  Updating reference topic configurations.
  No conceptual content.  Removing conceptual content components.
    Last step completed in 00:00:00.0055
</buildStep>
<buildStep step="BuildTopics">
Building help topics...
[C:\Windows\Microsoft.NET\Framework64\v4.0.30319\MSBuild.exe - BuildTopics.proj]
Build started 1/12/2017 1:51:30 PM.
Project &quot;C:\Code\Git\CFX\CFX\Documentation\Help\Working\BuildTopics.proj&quot; on node 1 (default targets).
BuildTopics:
  BuildAssembler (v2016.5.28.0)
  Copyright c 2006-2016, Microsoft Corporation, All Rights Reserved.
  Portions Copyright c 2006-2016, Eric Woodruff, All Rights Reserved.
  Loading configuration...
  Processing topics...
BuildAssembler : warning : ShowMissingComponent: [M:CFX.Command.DeviceInformationRequest.#ctor] Missing &lt;summary&gt; documentation [C:\Code\Git\CFX\CFX\Documentation\Help\Working\BuildTopics.proj]
BuildAssembler : warning : ShowMissingComponent: [M:CFX.Command.DeviceInformationResponse.#ctor] Missing &lt;summary&gt; documentation [C:\Code\Git\CFX\CFX\Documentation\Help\Working\BuildTopics.proj]
BuildAssembler : warning : ShowMissingComponent: [M:CFX.Command.InformationServices.ValidateUnitRequest.#ctor] Missing &lt;summary&gt; documentation [C:\Code\Git\CFX\CFX\Documentation\Help\Working\BuildTopics.proj]
BuildAssembler : warning : ShowMissingComponent: [M:CFX.Command.InformationServices.ValidateUnitResponse.#ctor] Missing &lt;summary&gt; documentation [C:\Code\Git\CFX\CFX\Documentation\Help\Working\BuildTopics.proj]
BuildAssembler : warning : ShowMissingComponent: [M:CFX.Command.MaterialServices.MaterialTransport.RetrieveMaterialsRequest.#ctor] Missing &lt;summary&gt; documentation [C:\Code\Git\CFX\CFX\Documentation\Help\Working\BuildTopics.proj]
BuildAssembler : warning : ShowMissingComponent: [M:CFX.Command.MaterialServices.MaterialTransport.RetrieveMaterialsResponse.#ctor] Missing &lt;summary&gt; documentation [C:\Code\Git\CFX\CFX\Documentation\Help\Working\BuildTopics.proj]
BuildAssembler : warning : ShowMissingComponent: [M:CFX.Command.UnitIdentificationServices.GetLastUnitIdentifierRequest.#ctor] Missing &lt;summary&gt; documentation [C:\Code\Git\CFX\CFX\Documentation\Help\Working\BuildTopics.proj]
BuildAssembler : warning : ShowMissingComponent: [M:CFX.Command.UnitIdentificationServices.GetLastUnitIdentifierResponse.#ctor] Missing &lt;summary&gt; documentation [C:\Code\Git\CFX\CFX\Documentation\Help\Working\BuildTopics.proj]
BuildAssembler : warning : ShowMissingComponent: [M:CFX.Command.WorkCenterServices.LockProcessingRequest.#ctor] Missing &lt;summary&gt; documentation [C:\Code\Git\CFX\CFX\Documentation\Help\Working\BuildTopics.proj]
BuildAssembler : warning : ShowMissingComponent: [M:CFX.Command.WorkCenterServices.LockProcessingResponse.#ctor] Missing &lt;summary&gt; documentation [C:\Code\Git\CFX\CFX\Documentation\Help\Working\BuildTopics.proj]
BuildAssembler : warning : ShowMissingComponent: [M:CFX.Command.WorkCenterServices.UnlockProcessingRequest.#ctor] Missing &lt;summary&gt; documentation [C:\Code\Git\CFX\CFX\Documentation\Help\Working\BuildTopics.proj]
BuildAssembler : warning : ShowMissingComponent: [M:CFX.Command.WorkCenterServices.UnlockProcessingResponse.#ctor] Missing &lt;summary&gt; documentation [C:\Code\Git\CFX\CFX\Documentation\Help\Working\BuildTopics.proj]
BuildAssembler : warning : ShowMissingComponent: [M:CFX.Events.Heartbeat.#ctor] Missing &lt;summary&gt; documentation [C:\Code\Git\CFX\CFX\Documentation\Help\Working\BuildTopics.proj]
BuildAssembler : warning : ShowMissingComponent: [M:CFX.Events.Message.#ctor] Missing &lt;summary&gt; documentation [C:\Code\Git\CFX\CFX\Documentation\Help\Working\BuildTopics.proj]
BuildAssembler : warning : ShowMissingComponent: [M:CFX.Events.InformationServices.WorkOrderCreated.#ctor] Missing &lt;summary&gt; documentation [C:\Code\Git\CFX\CFX\Documentation\Help\Working\BuildTopics.proj]
BuildAssembler : warning : ShowMissingComponent: [M:CFX.Events.InformationServices.WorkOrderUpdated.#ctor] Missing &lt;summary&gt; documentation [C:\Code\Git\CFX\CFX\Documentation\Help\Working\BuildTopics.proj]
BuildAssembler : warning : ShowMissingComponent: [M:CFX.Events.MaterialServices.MaterialManagement.MaterialCreated.#ctor] Missing &lt;summary&gt; documentation [C:\Code\Git\CFX\CFX\Documentation\Help\Working\BuildTopics.proj]
BuildAssembler : warning : ShowMissingComponent: [M:CFX.Events.MaterialServices.MaterialStorage.MaterialMoved.#ctor] Missing &lt;summary&gt; documentation [C:\Code\Git\CFX\CFX\Documentation\Help\Working\BuildTopics.proj]
BuildAssembler : warning : ShowMissingComponent: [M:CFX.Events.MaterialServices.MaterialStorage.MaterialRemoved.#ctor] Missing &lt;summary&gt; documentation [C:\Code\Git\CFX\CFX\Documentation\Help\Working\BuildTopics.proj]
BuildAssembler : warning : ShowMissingComponent: [M:CFX.Events.MaterialServices.MaterialTransport.MaterialPickDirective.#ctor] Missing &lt;summary&gt; documentation [C:\Code\Git\CFX\CFX\Documentation\Help\Working\BuildTopics.proj]
BuildAssembler : warning : ShowMissingComponent: [N:CFX.Events.QualityServices.CorrectiveActionManagement] Missing &lt;summary&gt; documentation [C:\Code\Git\CFX\CFX\Documentation\Help\Working\BuildTopics.proj]
BuildAssembler : warning : ShowMissingComponent: [M:CFX.Events.QualityServices.CorrectiveActionManagement.CorrectiveActionProcessInitiated.#ctor] Missing &lt;summary&gt; documentation [C:\Code\Git\CFX\CFX\Documentation\Help\Working\BuildTopics.proj]
BuildAssembler : warning : ShowMissingComponent: [M:CFX.Events.UnitIdentificationServices.UnitIdentifierRead.#ctor] Missing &lt;summary&gt; documentation [C:\Code\Git\CFX\CFX\Documentation\Help\Working\BuildTopics.proj]
BuildAssembler : warning : ShowMissingComponent: [M:CFX.Events.WorkCenterServices.UnitsProcessed.#ctor] Missing &lt;summary&gt; documentation [C:\Code\Git\CFX\CFX\Documentation\Help\Working\BuildTopics.proj]
BuildAssembler : warning : ShowMissingComponent: [M:CFX.Events.WorkCenterServices.WorkCenterStateChange.#ctor] Missing &lt;summary&gt; documentation [C:\Code\Git\CFX\CFX\Documentation\Help\Working\BuildTopics.proj]
BuildAssembler : warning : ShowMissingComponent: [M:CFX.Events.WorkCenterServices.WorkStarted.#ctor] Missing &lt;summary&gt; documentation [C:\Code\Git\CFX\CFX\Documentation\Help\Working\BuildTopics.proj]
BuildAssembler : warning : ShowMissingComponent: [M:CFX.Events.WorkCenterServices.EnvironmentalProcessing.EnvironmentSampled.#ctor] Missing &lt;summary&gt; documentation [C:\Code\Git\CFX\CFX\Documentation\Help\Working\BuildTopics.proj]
BuildAssembler : warning : ShowMissingComponent: [M:CFX.Events.WorkCenterServices.EnvironmentalProcessing.UnitsEnvironmentallyProcessed.#ctor] Missing &lt;summary&gt; documentation [C:\Code\Git\CFX\CFX\Documentation\Help\Working\BuildTopics.proj]
BuildAssembler : warning : ShowMissingComponent: [M:CFX.Events.WorkCenterServices.MaterialTraceability.MaterialConsumedByUnits.#ctor] Missing &lt;summary&gt; documentation [C:\Code\Git\CFX\CFX\Documentation\Help\Working\BuildTopics.proj]
BuildAssembler : warning : ShowMissingComponent: [M:CFX.Events.WorkCenterServices.MaterialUsage.MaterialsConsumed.#ctor] Missing &lt;summary&gt; documentation [C:\Code\Git\CFX\CFX\Documentation\Help\Working\BuildTopics.proj]
BuildAssembler : warning : ShowMissingComponent: [M:CFX.Events.WorkCenterServices.MaterialUsage.ToolingUsed.#ctor] Missing &lt;summary&gt; documentation [C:\Code\Git\CFX\CFX\Documentation\Help\Working\BuildTopics.proj]
BuildAssembler : warning : ShowMissingComponent: [M:CFX.Events.WorkCenterServices.PackAndShip.ItemPacked.#ctor] Missing &lt;summary&gt; documentation [C:\Code\Git\CFX\CFX\Documentation\Help\Working\BuildTopics.proj]
BuildAssembler : warning : ShowMissingComponent: [M:CFX.Events.WorkCenterServices.SMTPlacement.ComponentMisPick.#ctor] Missing &lt;summary&gt; documentation [C:\Code\Git\CFX\CFX\Documentation\Help\Working\BuildTopics.proj]
BuildAssembler : warning : ShowMissingComponent: [M:CFX.Events.WorkCenterServices.SMTPlacement.ComponentRecognitionError.#ctor] Missing &lt;summary&gt; documentation [C:\Code\Git\CFX\CFX\Documentation\Help\Working\BuildTopics.proj]
BuildAssembler : warning : ShowMissingComponent: [M:CFX.Events.WorkCenterServices.SMTPlacement.ComponentsInstalled.#ctor] Missing &lt;summary&gt; documentation [C:\Code\Git\CFX\CFX\Documentation\Help\Working\BuildTopics.proj]
BuildAssembler : warning : ShowMissingComponent: [M:CFX.Events.WorkCenterServices.SMTReflow.ZoneConditionSampled.#ctor] Missing &lt;summary&gt; documentation [C:\Code\Git\CFX\CFX\Documentation\Help\Working\BuildTopics.proj]
BuildAssembler : warning : ShowMissingComponent: [M:CFX.Events.WorkCenterServices.SMTSolderPasteDispensing.SolderPasteDispensed.#ctor] Missing &lt;summary&gt; documentation [C:\Code\Git\CFX\CFX\Documentation\Help\Working\BuildTopics.proj]
BuildAssembler : warning : ShowMissingComponent: [M:CFX.Events.WorkCenterServices.SMTSolderPasteDispensing.StencilCleaned.#ctor] Missing &lt;summary&gt; documentation [C:\Code\Git\CFX\CFX\Documentation\Help\Working\BuildTopics.proj]
BuildAssembler : warning : ShowMissingComponent: [M:CFX.Events.WorkCenterServices.TestAndMeasurement.UnitsInspected.#ctor] Missing &lt;summary&gt; documentation [C:\Code\Git\CFX\CFX\Documentation\Help\Working\BuildTopics.proj]
BuildAssembler : warning : ShowMissingComponent: [M:CFX.Events.WorkCenterServices.TestAndMeasurement.UnitsTested.#ctor] Missing &lt;summary&gt; documentation [C:\Code\Git\CFX\CFX\Documentation\Help\Working\BuildTopics.proj]
BuildAssembler : warning : ShowMissingComponent: [M:CFX.Events.WorkCenterServices.THTInsertion.ComponentInserted.#ctor] Missing &lt;summary&gt; documentation [C:\Code\Git\CFX\CFX\Documentation\Help\Working\BuildTopics.proj]
BuildAssembler : warning : ShowMissingComponent: [M:CFX.Events.WorkCenterServices.THTSoldering.ZoneConditionSampled.#ctor] Missing &lt;summary&gt; documentation [C:\Code\Git\CFX\CFX\Documentation\Help\Working\BuildTopics.proj]
  Processed 116 topic(s)
  42 warning(s)
  CopyFromIndexComponent: &quot;reflection&quot; in-memory cache entries used: 2 of 15.
  CopyFromIndexComponent: &quot;comments&quot; in-memory cache entries used: 2 of 30.
Done Building Project &quot;C:\Code\Git\CFX\CFX\Documentation\Help\Working\BuildTopics.proj&quot; (default targets).

Build succeeded.

Time Elapsed 00:00:05.98
    Last step completed in 00:00:06.1119
</buildStep>
<buildStep step="CombiningIntermediateTocFiles">
Combining conceptual and API intermediate TOC files...
    Last step completed in 00:00:00.0020
</buildStep>
<buildStep step="ExtractingHtmlInfo">
Extracting HTML info for HTML Help 1 and/or website...
[C:\Windows\Microsoft.NET\Framework64\v4.0.30319\MSBuild.exe - ExtractHtmlInfo.proj]
Sandcastle Help File Builder and Tools, version 2016.5.28.0
Copyright c 2006-2016, Eric Woodruff, All Rights Reserved
E-Mail: Eric@EWoodruff.us

Using LCID &#39;1033&#39;, code page &#39;65001&#39;, encoding charset &#39;UTF-8&#39;.

Processing website files in C:\Code\Git\CFX\CFX\Documentation\Help\Working\Output\Website
Processed 116 HTML files
Sorting keywords and generating See Also indices
Saving website keyword index to C:\Code\Git\CFX\CFX\Documentation\Help\Working\WebKI.xml
Saving website table of contents to C:\Code\Git\CFX\CFX\Documentation\Help\Working\WebTOC.xml
    Last step completed in 00:00:00.2205
</buildStep>
<buildStep step="CopyStandardHelpContent">
Copying standard help content...
C:\Program Files (x86)\EWSoftware\Sandcastle Help File Builder\PresentationStyles\VS2013\icons\AlertCaution.png -&gt; C:\Code\Git\CFX\CFX\Documentation\Help\Working\Output\Website\icons\AlertCaution.png
C:\Program Files (x86)\EWSoftware\Sandcastle Help File Builder\PresentationStyles\VS2013\icons\AlertNote.png -&gt; C:\Code\Git\CFX\CFX\Documentation\Help\Working\Output\Website\icons\AlertNote.png
C:\Program Files (x86)\EWSoftware\Sandcastle Help File Builder\PresentationStyles\VS2013\icons\AlertSecurity.png -&gt; C:\Code\Git\CFX\CFX\Documentation\Help\Working\Output\Website\icons\AlertSecurity.png
C:\Program Files (x86)\EWSoftware\Sandcastle Help File Builder\PresentationStyles\VS2013\icons\CFW.gif -&gt; C:\Code\Git\CFX\CFX\Documentation\Help\Working\Output\Website\icons\CFW.gif
C:\Program Files (x86)\EWSoftware\Sandcastle Help File Builder\PresentationStyles\VS2013\icons\CodeExample.png -&gt; C:\Code\Git\CFX\CFX\Documentation\Help\Working\Output\Website\icons\CodeExample.png
C:\Program Files (x86)\EWSoftware\Sandcastle Help File Builder\PresentationStyles\VS2013\icons\favicon.ico -&gt; C:\Code\Git\CFX\CFX\Documentation\Help\Working\Output\Website\icons\favicon.ico
C:\Program Files (x86)\EWSoftware\Sandcastle Help File Builder\PresentationStyles\VS2013\icons\privclass.gif -&gt; C:\Code\Git\CFX\CFX\Documentation\Help\Working\Output\Website\icons\privclass.gif
C:\Program Files (x86)\EWSoftware\Sandcastle Help File Builder\PresentationStyles\VS2013\icons\privdelegate.gif -&gt; C:\Code\Git\CFX\CFX\Documentation\Help\Working\Output\Website\icons\privdelegate.gif
C:\Program Files (x86)\EWSoftware\Sandcastle Help File Builder\PresentationStyles\VS2013\icons\privenumeration.gif -&gt; C:\Code\Git\CFX\CFX\Documentation\Help\Working\Output\Website\icons\privenumeration.gif
C:\Program Files (x86)\EWSoftware\Sandcastle Help File Builder\PresentationStyles\VS2013\icons\privevent.gif -&gt; C:\Code\Git\CFX\CFX\Documentation\Help\Working\Output\Website\icons\privevent.gif
C:\Program Files (x86)\EWSoftware\Sandcastle Help File Builder\PresentationStyles\VS2013\icons\privextension.gif -&gt; C:\Code\Git\CFX\CFX\Documentation\Help\Working\Output\Website\icons\privextension.gif
C:\Program Files (x86)\EWSoftware\Sandcastle Help File Builder\PresentationStyles\VS2013\icons\privfield.gif -&gt; C:\Code\Git\CFX\CFX\Documentation\Help\Working\Output\Website\icons\privfield.gif
C:\Program Files (x86)\EWSoftware\Sandcastle Help File Builder\PresentationStyles\VS2013\icons\privinterface.gif -&gt; C:\Code\Git\CFX\CFX\Documentation\Help\Working\Output\Website\icons\privinterface.gif
C:\Program Files (x86)\EWSoftware\Sandcastle Help File Builder\PresentationStyles\VS2013\icons\privmethod.gif -&gt; C:\Code\Git\CFX\CFX\Documentation\Help\Working\Output\Website\icons\privmethod.gif
C:\Program Files (x86)\EWSoftware\Sandcastle Help File Builder\PresentationStyles\VS2013\icons\privproperty.gif -&gt; C:\Code\Git\CFX\CFX\Documentation\Help\Working\Output\Website\icons\privproperty.gif
C:\Program Files (x86)\EWSoftware\Sandcastle Help File Builder\PresentationStyles\VS2013\icons\privstructure.gif -&gt; C:\Code\Git\CFX\CFX\Documentation\Help\Working\Output\Website\icons\privstructure.gif
C:\Program Files (x86)\EWSoftware\Sandcastle Help File Builder\PresentationStyles\VS2013\icons\protclass.gif -&gt; C:\Code\Git\CFX\CFX\Documentation\Help\Working\Output\Website\icons\protclass.gif
C:\Program Files (x86)\EWSoftware\Sandcastle Help File Builder\PresentationStyles\VS2013\icons\protdelegate.gif -&gt; C:\Code\Git\CFX\CFX\Documentation\Help\Working\Output\Website\icons\protdelegate.gif
C:\Program Files (x86)\EWSoftware\Sandcastle Help File Builder\PresentationStyles\VS2013\icons\protenumeration.gif -&gt; C:\Code\Git\CFX\CFX\Documentation\Help\Working\Output\Website\icons\protenumeration.gif
C:\Program Files (x86)\EWSoftware\Sandcastle Help File Builder\PresentationStyles\VS2013\icons\protevent.gif -&gt; C:\Code\Git\CFX\CFX\Documentation\Help\Working\Output\Website\icons\protevent.gif
C:\Program Files (x86)\EWSoftware\Sandcastle Help File Builder\PresentationStyles\VS2013\icons\protextension.gif -&gt; C:\Code\Git\CFX\CFX\Documentation\Help\Working\Output\Website\icons\protextension.gif
C:\Program Files (x86)\EWSoftware\Sandcastle Help File Builder\PresentationStyles\VS2013\icons\protfield.gif -&gt; C:\Code\Git\CFX\CFX\Documentation\Help\Working\Output\Website\icons\protfield.gif
C:\Program Files (x86)\EWSoftware\Sandcastle Help File Builder\PresentationStyles\VS2013\icons\protinterface.gif -&gt; C:\Code\Git\CFX\CFX\Documentation\Help\Working\Output\Website\icons\protinterface.gif
C:\Program Files (x86)\EWSoftware\Sandcastle Help File Builder\PresentationStyles\VS2013\icons\protmethod.gif -&gt; C:\Code\Git\CFX\CFX\Documentation\Help\Working\Output\Website\icons\protmethod.gif
C:\Program Files (x86)\EWSoftware\Sandcastle Help File Builder\PresentationStyles\VS2013\icons\protoperator.gif -&gt; C:\Code\Git\CFX\CFX\Documentation\Help\Working\Output\Website\icons\protoperator.gif
C:\Program Files (x86)\EWSoftware\Sandcastle Help File Builder\PresentationStyles\VS2013\icons\protproperty.gif -&gt; C:\Code\Git\CFX\CFX\Documentation\Help\Working\Output\Website\icons\protproperty.gif
C:\Program Files (x86)\EWSoftware\Sandcastle Help File Builder\PresentationStyles\VS2013\icons\protstructure.gif -&gt; C:\Code\Git\CFX\CFX\Documentation\Help\Working\Output\Website\icons\protstructure.gif
C:\Program Files (x86)\EWSoftware\Sandcastle Help File Builder\PresentationStyles\VS2013\icons\pubclass.gif -&gt; C:\Code\Git\CFX\CFX\Documentation\Help\Working\Output\Website\icons\pubclass.gif
C:\Program Files (x86)\EWSoftware\Sandcastle Help File Builder\PresentationStyles\VS2013\icons\pubdelegate.gif -&gt; C:\Code\Git\CFX\CFX\Documentation\Help\Working\Output\Website\icons\pubdelegate.gif
C:\Program Files (x86)\EWSoftware\Sandcastle Help File Builder\PresentationStyles\VS2013\icons\pubenumeration.gif -&gt; C:\Code\Git\CFX\CFX\Documentation\Help\Working\Output\Website\icons\pubenumeration.gif
C:\Program Files (x86)\EWSoftware\Sandcastle Help File Builder\PresentationStyles\VS2013\icons\pubevent.gif -&gt; C:\Code\Git\CFX\CFX\Documentation\Help\Working\Output\Website\icons\pubevent.gif
C:\Program Files (x86)\EWSoftware\Sandcastle Help File Builder\PresentationStyles\VS2013\icons\pubextension.gif -&gt; C:\Code\Git\CFX\CFX\Documentation\Help\Working\Output\Website\icons\pubextension.gif
C:\Program Files (x86)\EWSoftware\Sandcastle Help File Builder\PresentationStyles\VS2013\icons\pubfield.gif -&gt; C:\Code\Git\CFX\CFX\Documentation\Help\Working\Output\Website\icons\pubfield.gif
C:\Program Files (x86)\EWSoftware\Sandcastle Help File Builder\PresentationStyles\VS2013\icons\pubinterface.gif -&gt; C:\Code\Git\CFX\CFX\Documentation\Help\Working\Output\Website\icons\pubinterface.gif
C:\Program Files (x86)\EWSoftware\Sandcastle Help File Builder\PresentationStyles\VS2013\icons\pubmethod.gif -&gt; C:\Code\Git\CFX\CFX\Documentation\Help\Working\Output\Website\icons\pubmethod.gif
C:\Program Files (x86)\EWSoftware\Sandcastle Help File Builder\PresentationStyles\VS2013\icons\puboperator.gif -&gt; C:\Code\Git\CFX\CFX\Documentation\Help\Working\Output\Website\icons\puboperator.gif
C:\Program Files (x86)\EWSoftware\Sandcastle Help File Builder\PresentationStyles\VS2013\icons\pubproperty.gif -&gt; C:\Code\Git\CFX\CFX\Documentation\Help\Working\Output\Website\icons\pubproperty.gif
C:\Program Files (x86)\EWSoftware\Sandcastle Help File Builder\PresentationStyles\VS2013\icons\pubstructure.gif -&gt; C:\Code\Git\CFX\CFX\Documentation\Help\Working\Output\Website\icons\pubstructure.gif
C:\Program Files (x86)\EWSoftware\Sandcastle Help File Builder\PresentationStyles\VS2013\icons\SectionCollapsed.png -&gt; C:\Code\Git\CFX\CFX\Documentation\Help\Working\Output\Website\icons\SectionCollapsed.png
C:\Program Files (x86)\EWSoftware\Sandcastle Help File Builder\PresentationStyles\VS2013\icons\SectionExpanded.png -&gt; C:\Code\Git\CFX\CFX\Documentation\Help\Working\Output\Website\icons\SectionExpanded.png
C:\Program Files (x86)\EWSoftware\Sandcastle Help File Builder\PresentationStyles\VS2013\icons\slMobile.gif -&gt; C:\Code\Git\CFX\CFX\Documentation\Help\Working\Output\Website\icons\slMobile.gif
C:\Program Files (x86)\EWSoftware\Sandcastle Help File Builder\PresentationStyles\VS2013\icons\static.gif -&gt; C:\Code\Git\CFX\CFX\Documentation\Help\Working\Output\Website\icons\static.gif
C:\Program Files (x86)\EWSoftware\Sandcastle Help File Builder\PresentationStyles\VS2013\icons\xna.gif -&gt; C:\Code\Git\CFX\CFX\Documentation\Help\Working\Output\Website\icons\xna.gif
C:\Program Files (x86)\EWSoftware\Sandcastle Help File Builder\PresentationStyles\VS2013\scripts\branding.js -&gt; C:\Code\Git\CFX\CFX\Documentation\Help\Working\Output\Website\scripts\branding.js
C:\Program Files (x86)\EWSoftware\Sandcastle Help File Builder\PresentationStyles\VS2013\styles\branding-cs-CZ.css -&gt; C:\Code\Git\CFX\CFX\Documentation\Help\Working\Output\Website\styles\branding-cs-CZ.css
C:\Program Files (x86)\EWSoftware\Sandcastle Help File Builder\PresentationStyles\VS2013\styles\branding-de-DE.css -&gt; C:\Code\Git\CFX\CFX\Documentation\Help\Working\Output\Website\styles\branding-de-DE.css
C:\Program Files (x86)\EWSoftware\Sandcastle Help File Builder\PresentationStyles\VS2013\styles\branding-en-US.css -&gt; C:\Code\Git\CFX\CFX\Documentation\Help\Working\Output\Website\styles\branding-en-US.css
C:\Program Files (x86)\EWSoftware\Sandcastle Help File Builder\PresentationStyles\VS2013\styles\branding-es-ES.css -&gt; C:\Code\Git\CFX\CFX\Documentation\Help\Working\Output\Website\styles\branding-es-ES.css
C:\Program Files (x86)\EWSoftware\Sandcastle Help File Builder\PresentationStyles\VS2013\styles\branding-fr-FR.css -&gt; C:\Code\Git\CFX\CFX\Documentation\Help\Working\Output\Website\styles\branding-fr-FR.css
C:\Program Files (x86)\EWSoftware\Sandcastle Help File Builder\PresentationStyles\VS2013\styles\branding-Help1.css -&gt; C:\Code\Git\CFX\CFX\Documentation\Help\Working\Output\Website\styles\branding-Help1.css
C:\Program Files (x86)\EWSoftware\Sandcastle Help File Builder\PresentationStyles\VS2013\styles\branding-HelpViewer.css -&gt; C:\Code\Git\CFX\CFX\Documentation\Help\Working\Output\Website\styles\branding-HelpViewer.css
C:\Program Files (x86)\EWSoftware\Sandcastle Help File Builder\PresentationStyles\VS2013\styles\branding-it-IT.css -&gt; C:\Code\Git\CFX\CFX\Documentation\Help\Working\Output\Website\styles\branding-it-IT.css
C:\Program Files (x86)\EWSoftware\Sandcastle Help File Builder\PresentationStyles\VS2013\styles\branding-ja-JP.css -&gt; C:\Code\Git\CFX\CFX\Documentation\Help\Working\Output\Website\styles\branding-ja-JP.css
C:\Program Files (x86)\EWSoftware\Sandcastle Help File Builder\PresentationStyles\VS2013\styles\branding-ko-KR.css -&gt; C:\Code\Git\CFX\CFX\Documentation\Help\Working\Output\Website\styles\branding-ko-KR.css
C:\Program Files (x86)\EWSoftware\Sandcastle Help File Builder\PresentationStyles\VS2013\styles\branding-pl-PL.css -&gt; C:\Code\Git\CFX\CFX\Documentation\Help\Working\Output\Website\styles\branding-pl-PL.css
C:\Program Files (x86)\EWSoftware\Sandcastle Help File Builder\PresentationStyles\VS2013\styles\branding-pt-BR.css -&gt; C:\Code\Git\CFX\CFX\Documentation\Help\Working\Output\Website\styles\branding-pt-BR.css
C:\Program Files (x86)\EWSoftware\Sandcastle Help File Builder\PresentationStyles\VS2013\styles\branding-ru-RU.css -&gt; C:\Code\Git\CFX\CFX\Documentation\Help\Working\Output\Website\styles\branding-ru-RU.css
C:\Program Files (x86)\EWSoftware\Sandcastle Help File Builder\PresentationStyles\VS2013\styles\branding-tr-TR.css -&gt; C:\Code\Git\CFX\CFX\Documentation\Help\Working\Output\Website\styles\branding-tr-TR.css
C:\Program Files (x86)\EWSoftware\Sandcastle Help File Builder\PresentationStyles\VS2013\styles\branding-Website.css -&gt; C:\Code\Git\CFX\CFX\Documentation\Help\Working\Output\Website\styles\branding-Website.css
C:\Program Files (x86)\EWSoftware\Sandcastle Help File Builder\PresentationStyles\VS2013\styles\branding-zh-CN.css -&gt; C:\Code\Git\CFX\CFX\Documentation\Help\Working\Output\Website\styles\branding-zh-CN.css
C:\Program Files (x86)\EWSoftware\Sandcastle Help File Builder\PresentationStyles\VS2013\styles\branding-zh-TW.css -&gt; C:\Code\Git\CFX\CFX\Documentation\Help\Working\Output\Website\styles\branding-zh-TW.css
C:\Program Files (x86)\EWSoftware\Sandcastle Help File Builder\PresentationStyles\VS2013\styles\branding.css -&gt; C:\Code\Git\CFX\CFX\Documentation\Help\Working\Output\Website\styles\branding.css
C:\Program Files (x86)\EWSoftware\Sandcastle Help File Builder\PresentationStyles\VS2013\Web\index.html -&gt; C:\Code\Git\CFX\CFX\Documentation\Help\Working\Output\Website\index.html
C:\Program Files (x86)\EWSoftware\Sandcastle Help File Builder\PresentationStyles\VS2013\Web\search.html -&gt; C:\Code\Git\CFX\CFX\Documentation\Help\Working\Output\Website\search.html
C:\Program Files (x86)\EWSoftware\Sandcastle Help File Builder\PresentationStyles\VS2013\Web\SearchHelp.aspx -&gt; C:\Code\Git\CFX\CFX\Documentation\Help\Working\Output\Website\SearchHelp.aspx
C:\Program Files (x86)\EWSoftware\Sandcastle Help File Builder\PresentationStyles\VS2013\Web\SearchHelp.inc.php -&gt; C:\Code\Git\CFX\CFX\Documentation\Help\Working\Output\Website\SearchHelp.inc.php
C:\Program Files (x86)\EWSoftware\Sandcastle Help File Builder\PresentationStyles\VS2013\Web\SearchHelp.php -&gt; C:\Code\Git\CFX\CFX\Documentation\Help\Working\Output\Website\SearchHelp.php
C:\Program Files (x86)\EWSoftware\Sandcastle Help File Builder\PresentationStyles\VS2013\Web\Web.Config -&gt; C:\Code\Git\CFX\CFX\Documentation\Help\Working\Output\Website\Web.Config
C:\Program Files (x86)\EWSoftware\Sandcastle Help File Builder\PresentationStyles\VS2013\Web\icons\Search.png -&gt; C:\Code\Git\CFX\CFX\Documentation\Help\Working\Output\Website\icons\Search.png
C:\Program Files (x86)\EWSoftware\Sandcastle Help File Builder\PresentationStyles\VS2013\Web\icons\TocClose.gif -&gt; C:\Code\Git\CFX\CFX\Documentation\Help\Working\Output\Website\icons\TocClose.gif
C:\Program Files (x86)\EWSoftware\Sandcastle Help File Builder\PresentationStyles\VS2013\Web\icons\TocCollapsed.gif -&gt; C:\Code\Git\CFX\CFX\Documentation\Help\Working\Output\Website\icons\TocCollapsed.gif
C:\Program Files (x86)\EWSoftware\Sandcastle Help File Builder\PresentationStyles\VS2013\Web\icons\TocExpanded.gif -&gt; C:\Code\Git\CFX\CFX\Documentation\Help\Working\Output\Website\icons\TocExpanded.gif
C:\Program Files (x86)\EWSoftware\Sandcastle Help File Builder\PresentationStyles\VS2013\Web\icons\TocOpen.gif -&gt; C:\Code\Git\CFX\CFX\Documentation\Help\Working\Output\Website\icons\TocOpen.gif
C:\Program Files (x86)\EWSoftware\Sandcastle Help File Builder\PresentationStyles\VS2013\Web\scripts\branding-Website.js -&gt; C:\Code\Git\CFX\CFX\Documentation\Help\Working\Output\Website\scripts\branding-Website.js
C:\Program Files (x86)\EWSoftware\Sandcastle Help File Builder\PresentationStyles\VS2013\Web\scripts\jquery-1.11.0.min.js -&gt; C:\Code\Git\CFX\CFX\Documentation\Help\Working\Output\Website\scripts\jquery-1.11.0.min.js
    Last step completed in 00:00:00.0836
</buildStep>
<buildStep step="GenerateHelpFormatTableOfContents">
Generating website table of contents file...
    Last step completed in 00:00:00.0000
</buildStep>
<buildStep step="GenerateFullTextIndex">
Generating full-text index for the website...

<plugIn name="Lightweight Website Style" behavior="After" priority="1000">
Adding lightweight search and TOC elements to each topic...
</plugIn>    Last step completed in 00:00:00.1485
</buildStep>
<buildStep step="CopyingWebsiteFiles">
Copying website files to output folder...

Copied 285 files for the website content
    Last step completed in 00:00:00.2698
</buildStep>
<buildStep step="CleanIntermediates">
Removing intermediate files...
    Last step completed in 00:00:00.1140
</buildStep>
<buildStep step="Completed">

Build completed successfully at 1/12/2017 1:51:37 PM.  Total time: 00:00:09.0933

</buildStep>
</shfbBuild>
