<?xml version="1.0" encoding="utf-8"?>
<shfbBuild product="Sandcastle Help File Builder and Tools" version="2017.5.15.0" projectFile="C:\Code\Git\CFX\Documentation\CFX Library.shfbproj" started="12/15/2017 2:18:44 PM">
<buildStep step="Initializing">
Finding tools...
The Sandcastle tools are located in &#39;C:\Program Files (x86)\EWSoftware\Sandcastle Help File Builder\&#39;
Searching for HTML Help 1 compiler...
Found HTML Help 1 compiler in &#39;C:\Program Files (x86)\HTML Help Workshop\&#39;
Locating components in the following folder(s):
    C:\Code\Git\CFX\Documentation
    C:\ProgramData\EWSoftware\Sandcastle Help File Builder\Components and Plug-Ins\
    C:\Program Files (x86)\EWSoftware\Sandcastle Help File Builder\
Using framework reflection data for &#39;Cross-platform (.NET Core/.NET Standard)&#39; located in &#39;C:\Program Files (x86)\EWSoftware\Sandcastle Help File Builder\Data\.NETFramework&#39;
Using presentation style &#39;VS2013&#39; located in &#39;C:\Program Files (x86)\EWSoftware\Sandcastle Help File Builder\PresentationStyles\VS2013&#39;
Loading and initializing plug-ins...
Lightweight Website Style Version 2017.5.15.0
Copyright &#169; 2006-2017, Eric Woodruff, All Rights Reserved
Portions Copyright &#169; 2014, Sam Harwell, All Rights Reserved
</buildStep>
<buildStep step="ValidatingDocumentationSources">
Validating and copying documentation source information
Source: C:\Code\Git\CFX\CFX\bin\netstandard1.4\CFX.xml
Source: C:\Code\Git\CFX\CFX\bin\netstandard1.4\CFX.dll
    Found assembly &#39;C:\Code\Git\CFX\CFX\bin\netstandard1.4\CFX.dll&#39;

References to include (excluding framework assemblies):
    Amqp.Net
    Newtonsoft.Json

Copying XML comments files
    C:\Code\Git\CFX\CFX\bin\netstandard1.4\CFX.xml -&gt; C:\Code\Git\CFX\Documentation\Help\Working\CFX.xml
</buildStep>
<buildStep step="GenerateSharedContent">
Generating shared content files (en-US, English (United States))...
<plugIn name="Lightweight Website Style" behavior="After" priority="1000">
</plugIn>    Last step completed in 00:00:00.0050
</buildStep>
<buildStep step="GenerateApiFilter">
Generating API filter for MRefBuilder...
    Last step completed in 00:00:00.0005
</buildStep>
<buildStep step="GenerateReflectionInfo">
Generating reflection information...
[C:\Program Files (x86)\MSBuild\14.0\bin\amd64\MSBuild.exe - GenerateRefInfo.proj]
Build started 12/15/2017 2:18:45 PM.
The target &quot;_ConvertPdbFiles&quot; listed in a BeforeTargets attribute at &quot;C:\Program Files (x86)\MSBuild\14.0\Microsoft.Common.targets\ImportAfter\Xamarin.Common.targets (34,37)&quot; does not exist in the project, and will be ignored.
The target &quot;_CollectPdbFiles&quot; listed in an AfterTargets attribute at &quot;C:\Program Files (x86)\MSBuild\14.0\Microsoft.Common.targets\ImportAfter\Xamarin.Common.targets (34,70)&quot; does not exist in the project, and will be ignored.
The target &quot;_CollectMdbFiles&quot; listed in a BeforeTargets attribute at &quot;C:\Program Files (x86)\MSBuild\14.0\Microsoft.Common.targets\ImportAfter\Xamarin.Common.targets (41,38)&quot; does not exist in the project, and will be ignored.
The target &quot;_CopyMdbFiles&quot; listed in an AfterTargets attribute at &quot;C:\Program Files (x86)\MSBuild\14.0\Microsoft.Common.targets\ImportAfter\Xamarin.Common.targets (41,71)&quot; does not exist in the project, and will be ignored.
Project &quot;C:\Code\Git\CFX\Documentation\Help\Working\GenerateRefInfo.proj&quot; on node 1 (default targets).
PrepareForBuild:
  Creating directory &quot;obj\Debug\&quot;.
GenerateRefInfo:
  MRefBuilder (v2017.5.15.0)
  Copyright c 2006-2017, Microsoft Corporation, All Rights Reserved.
  Portions Copyright c 2006-2016, Eric Woodruff, All Rights Reserved.
  No source code context base path specified.  Source context information is unavailable.
  Loaded 1 assemblies for reflection and 56 dependency assemblies.
  Wrote information on 8 namespaces, 110 types, and 441 members
  Copying file from &quot;reflection.org&quot; to &quot;reflection.all&quot;.
  XslTransform (v2017.5.15.0)
  Copyright c 2006-2017, Microsoft Corporation, All Rights Reserved.
  Portions Copyright c 2006-2016, Eric Woodruff, All Rights Reserved.
  Applying XSL transformation &#39;C:\Program Files (x86)\EWSoftware\Sandcastle Help File Builder\ProductionTransforms\MergeDuplicates.xsl&#39;.
Done Building Project &quot;C:\Code\Git\CFX\Documentation\Help\Working\GenerateRefInfo.proj&quot; (default targets).

Build succeeded.

Time Elapsed 00:00:01.05
    Last step completed in 00:00:01.1576
</buildStep>
<buildStep step="TransformReflectionInfo">
Transforming reflection output...
[C:\Program Files (x86)\MSBuild\14.0\bin\amd64\MSBuild.exe - TransformManifest.proj]
Build started 12/15/2017 2:18:46 PM.
Project &quot;C:\Code\Git\CFX\Documentation\Help\Working\TransformManifest.proj&quot; on node 1 (default targets).
TransformManifest:
  XslTransform (v2017.5.15.0)
  Copyright c 2006-2017, Microsoft Corporation, All Rights Reserved.
  Portions Copyright c 2006-2016, Eric Woodruff, All Rights Reserved.
  Applying XSL transformation &#39;C:\Program Files (x86)\EWSoftware\Sandcastle Help File Builder\\ProductionTransforms\ApplyVSDocModel.xsl&#39;.
  Copying file from &quot;reflection.xml&quot; to &quot;reflection.nofilenames&quot;.
  XslTransform (v2017.5.15.0)
  Copyright c 2006-2017, Microsoft Corporation, All Rights Reserved.
  Portions Copyright c 2006-2016, Eric Woodruff, All Rights Reserved.
  Applying XSL transformation &#39;C:\Program Files (x86)\EWSoftware\Sandcastle Help File Builder\ProductionTransforms\AddFilenames.xsl&#39;.
  XslTransform (v2017.5.15.0)
  Copyright c 2006-2017, Microsoft Corporation, All Rights Reserved.
  Portions Copyright c 2006-2016, Eric Woodruff, All Rights Reserved.
  Applying XSL transformation &#39;C:\Program Files (x86)\EWSoftware\Sandcastle Help File Builder\ProductionTransforms\ReflectionToManifest.xsl&#39;.
Done Building Project &quot;C:\Code\Git\CFX\Documentation\Help\Working\TransformManifest.proj&quot; (default targets).

Build succeeded.

Time Elapsed 00:00:00.52
    Last step completed in 00:00:00.6150
</buildStep>
<buildStep step="GenerateNamespaceSummaries">
Generating namespace summary information...
    Last step completed in 00:00:00.0300
</buildStep>
<buildStep step="CopyAdditionalContent">
Copying additional content files...
No additional content to copy
    Last step completed in 00:00:00.0000
</buildStep>
<buildStep step="MergeTablesOfContents">
Merging conceptual and additional tables of contents...
    Last step completed in 00:00:00.0000
</buildStep>
<buildStep step="GenerateIntermediateTableOfContents">
Generating intermediate table of contents file...
[C:\Program Files (x86)\MSBuild\14.0\bin\amd64\MSBuild.exe - GenerateIntermediateTOC.proj]
Build started 12/15/2017 2:18:47 PM.
Project &quot;C:\Code\Git\CFX\Documentation\Help\Working\GenerateIntermediateTOC.proj&quot; on node 1 (default targets).
GenerateIntermediateTOC:
  XslTransform (v2017.5.15.0)
  Copyright c 2006-2017, Microsoft Corporation, All Rights Reserved.
  Portions Copyright c 2006-2016, Eric Woodruff, All Rights Reserved.
  Applying XSL transformation &#39;C:\Program Files (x86)\EWSoftware\Sandcastle Help File Builder\\ProductionTransforms\CreateVSToc.xsl&#39;.
Done Building Project &quot;C:\Code\Git\CFX\Documentation\Help\Working\GenerateIntermediateTOC.proj&quot; (default targets).

Build succeeded.

Time Elapsed 00:00:00.15
Generating conceptual content intermediate TOC file...
    Last step completed in 00:00:00.2458
</buildStep>
<buildStep step="CreateBuildAssemblerConfigs">
Creating Sandcastle configuration files...
    sandcastle.config
    Last step completed in 00:00:00.1729
</buildStep>
<buildStep step="MergeCustomConfigs">
Merging custom build component configurations
C:\Code\Git\CFX\Documentation\Help\Working\sandcastle.config
  Updating reference topic configurations.
  No conceptual content.  Removing conceptual content components.
    Last step completed in 00:00:00.0030
</buildStep>
<buildStep step="BuildTopics">
Building help topics...
[C:\Program Files (x86)\MSBuild\14.0\bin\amd64\MSBuild.exe - BuildTopics.proj]
Build started 12/15/2017 2:18:47 PM.
Project &quot;C:\Code\Git\CFX\Documentation\Help\Working\BuildTopics.proj&quot; on node 1 (default targets).
BuildTopics:
  BuildAssembler (v2017.5.15.0)
  Copyright c 2006-2017, Microsoft Corporation, All Rights Reserved.
  Portions Copyright c 2006-2016, Eric Woodruff, All Rights Reserved.
  Loading configuration...
  Processing topics...
BuildAssembler : warning : ResolveReferenceLinksComponent: [M:CFX.CFXEnvelope.#ctor(CFX.CFXMessage)] Unknown reference link target &#39;T:CFX.CFXMessage&#39;. [C:\Code\Git\CFX\Documentation\Help\Working\BuildTopics.proj]
BuildAssembler : warning : ResolveReferenceLinksComponent: [M:CFX.CFXEnvelope.FromCFXMessage(CFX.CFXMessage)] Unknown reference link target &#39;T:CFX.CFXMessage&#39;. [C:\Code\Git\CFX\Documentation\Help\Working\BuildTopics.proj]
BuildAssembler : warning : ResolveReferenceLinksComponent: [P:CFX.ConsumedMaterial.MaterialLocation] Unknown reference link target &#39;T:CFX.MaterialLocation&#39;. [C:\Code\Git\CFX\Documentation\Help\Working\BuildTopics.proj]
BuildAssembler : warning : ResolveReferenceLinksComponent: [P:CFX.StationSetupRequirements.MaterialSetupRequirements] Unknown reference link target &#39;T:CFX.MaterialSetupRequirement&#39;. [C:\Code\Git\CFX\Documentation\Help\Working\BuildTopics.proj]
BuildAssembler : warning : ResolveReferenceLinksComponent: [T:CFX.InformationSystem.UnitValidation.ValidateUnitsRequest] Unknown reference link target &#39;T:CFX.CFXMessage&#39;. [C:\Code\Git\CFX\Documentation\Help\Working\BuildTopics.proj]
BuildAssembler : warning : ResolveReferenceLinksComponent: [T:CFX.InformationSystem.UnitValidation.ValidateUnitsResponse] Unknown reference link target &#39;T:CFX.CFXMessage&#39;. [C:\Code\Git\CFX\Documentation\Help\Working\BuildTopics.proj]
BuildAssembler : warning : ResolveReferenceLinksComponent: [T:CFX.Materials.Management.BlockMaterialsRequest] Unknown reference link target &#39;T:CFX.CFXMessage&#39;. [C:\Code\Git\CFX\Documentation\Help\Working\BuildTopics.proj]
BuildAssembler : warning : ResolveReferenceLinksComponent: [T:CFX.Materials.Management.BlockMaterialsResponse] Unknown reference link target &#39;T:CFX.CFXMessage&#39;. [C:\Code\Git\CFX\Documentation\Help\Working\BuildTopics.proj]
BuildAssembler : warning : ResolveReferenceLinksComponent: [T:CFX.Materials.Management.MaterialsConsumed] Unknown reference link target &#39;T:CFX.CFXMessage&#39;. [C:\Code\Git\CFX\Documentation\Help\Working\BuildTopics.proj]
BuildAssembler : warning : ResolveReferenceLinksComponent: [T:CFX.Materials.Management.MaterialsEmpty] Unknown reference link target &#39;T:CFX.CFXMessage&#39;. [C:\Code\Git\CFX\Documentation\Help\Working\BuildTopics.proj]
BuildAssembler : warning : ResolveReferenceLinksComponent: [P:CFX.Materials.Management.MaterialsEmpty.EmptyMaterials] Unknown reference link target &#39;T:CFX.MaterialLocation&#39;. [C:\Code\Git\CFX\Documentation\Help\Working\BuildTopics.proj]
BuildAssembler : warning : ResolveReferenceLinksComponent: [T:CFX.Materials.Management.MaterialsInitialized] Unknown reference link target &#39;T:CFX.CFXMessage&#39;. [C:\Code\Git\CFX\Documentation\Help\Working\BuildTopics.proj]
BuildAssembler : warning : ResolveReferenceLinksComponent: [T:CFX.Materials.Management.MaterialsJoined] Unknown reference link target &#39;T:CFX.CFXMessage&#39;. [C:\Code\Git\CFX\Documentation\Help\Working\BuildTopics.proj]
BuildAssembler : warning : ResolveReferenceLinksComponent: [T:CFX.Materials.Management.MaterialsModified] Unknown reference link target &#39;T:CFX.CFXMessage&#39;. [C:\Code\Git\CFX\Documentation\Help\Working\BuildTopics.proj]
BuildAssembler : warning : ResolveReferenceLinksComponent: [T:CFX.Materials.Management.MaterialsRetired] Unknown reference link target &#39;T:CFX.CFXMessage&#39;. [C:\Code\Git\CFX\Documentation\Help\Working\BuildTopics.proj]
BuildAssembler : warning : ResolveReferenceLinksComponent: [T:CFX.Materials.Management.MaterialsSplit] Unknown reference link target &#39;T:CFX.CFXMessage&#39;. [C:\Code\Git\CFX\Documentation\Help\Working\BuildTopics.proj]
BuildAssembler : warning : ResolveReferenceLinksComponent: [T:CFX.Materials.Management.UnblockMaterialsResponse] Unknown reference link target &#39;T:CFX.CFXMessage&#39;. [C:\Code\Git\CFX\Documentation\Help\Working\BuildTopics.proj]
BuildAssembler : warning : ResolveReferenceLinksComponent: [T:CFX.Materials.Management.MSDManagement.MaterialsExpired] Unknown reference link target &#39;T:CFX.CFXMessage&#39;. [C:\Code\Git\CFX\Documentation\Help\Working\BuildTopics.proj]
BuildAssembler : warning : ResolveReferenceLinksComponent: [T:CFX.Materials.Management.MSDManagement.MaterialsOpened] Unknown reference link target &#39;T:CFX.CFXMessage&#39;. [C:\Code\Git\CFX\Documentation\Help\Working\BuildTopics.proj]
BuildAssembler : warning : ResolveReferenceLinksComponent: [T:CFX.Materials.Management.MSDManagement.MaterialsPlacedInDryStorage] Unknown reference link target &#39;T:CFX.CFXMessage&#39;. [C:\Code\Git\CFX\Documentation\Help\Working\BuildTopics.proj]
BuildAssembler : warning : ResolveReferenceLinksComponent: [T:CFX.Materials.Management.MSDManagement.MaterialsRemovedFromDryStorage] Unknown reference link target &#39;T:CFX.CFXMessage&#39;. [C:\Code\Git\CFX\Documentation\Help\Working\BuildTopics.proj]
BuildAssembler : warning : ResolveReferenceLinksComponent: [T:CFX.Materials.Management.MSDManagement.MaterialsRestored] Unknown reference link target &#39;T:CFX.CFXMessage&#39;. [C:\Code\Git\CFX\Documentation\Help\Working\BuildTopics.proj]
BuildAssembler : warning : ResolveReferenceLinksComponent: [T:CFX.Materials.Storage.GetLoadedMaterialsRequest] Unknown reference link target &#39;T:CFX.CFXMessage&#39;. [C:\Code\Git\CFX\Documentation\Help\Working\BuildTopics.proj]
BuildAssembler : warning : ResolveReferenceLinksComponent: [T:CFX.Materials.Storage.GetLoadedMaterialsResponse] Unknown reference link target &#39;T:CFX.CFXMessage&#39;. [C:\Code\Git\CFX\Documentation\Help\Working\BuildTopics.proj]
BuildAssembler : warning : ResolveReferenceLinksComponent: [P:CFX.Materials.Storage.GetLoadedMaterialsResponse.Materials] Unknown reference link target &#39;T:CFX.MaterialLocation&#39;. [C:\Code\Git\CFX\Documentation\Help\Working\BuildTopics.proj]
BuildAssembler : warning : ResolveReferenceLinksComponent: [T:CFX.Materials.Storage.MaterialCarriersLoaded] Unknown reference link target &#39;T:CFX.CFXMessage&#39;. [C:\Code\Git\CFX\Documentation\Help\Working\BuildTopics.proj]
BuildAssembler : warning : ResolveReferenceLinksComponent: [T:CFX.Materials.Storage.MaterialCarriersUnloaded] Unknown reference link target &#39;T:CFX.CFXMessage&#39;. [C:\Code\Git\CFX\Documentation\Help\Working\BuildTopics.proj]
BuildAssembler : warning : ResolveReferenceLinksComponent: [T:CFX.Materials.Storage.MaterialsLoaded] Unknown reference link target &#39;T:CFX.CFXMessage&#39;. [C:\Code\Git\CFX\Documentation\Help\Working\BuildTopics.proj]
BuildAssembler : warning : ResolveReferenceLinksComponent: [P:CFX.Materials.Storage.MaterialsLoaded.Materials] Unknown reference link target &#39;T:CFX.MaterialLocation&#39;. [C:\Code\Git\CFX\Documentation\Help\Working\BuildTopics.proj]
BuildAssembler : warning : ResolveReferenceLinksComponent: [T:CFX.Materials.Storage.MaterialsUnloaded] Unknown reference link target &#39;T:CFX.CFXMessage&#39;. [C:\Code\Git\CFX\Documentation\Help\Working\BuildTopics.proj]
BuildAssembler : warning : ResolveReferenceLinksComponent: [T:CFX.Materials.Storage.ValidateStationSetupRequest] Unknown reference link target &#39;T:CFX.CFXMessage&#39;. [C:\Code\Git\CFX\Documentation\Help\Working\BuildTopics.proj]
BuildAssembler : warning : ResolveReferenceLinksComponent: [T:CFX.Materials.Storage.ValidateStationSetupResponse] Unknown reference link target &#39;T:CFX.CFXMessage&#39;. [C:\Code\Git\CFX\Documentation\Help\Working\BuildTopics.proj]
BuildAssembler : warning : ResolveReferenceLinksComponent: [T:CFX.Materials.Transport.CheckpointReached] Unknown reference link target &#39;T:CFX.CFXMessage&#39;. [C:\Code\Git\CFX\Documentation\Help\Working\BuildTopics.proj]
BuildAssembler : warning : ResolveReferenceLinksComponent: [T:CFX.Materials.Transport.GetTransportOrderStatusRequest] Unknown reference link target &#39;T:CFX.CFXMessage&#39;. [C:\Code\Git\CFX\Documentation\Help\Working\BuildTopics.proj]
BuildAssembler : warning : ResolveReferenceLinksComponent: [T:CFX.Materials.Transport.GetTransportOrderStatusResponse] Unknown reference link target &#39;T:CFX.CFXMessage&#39;. [C:\Code\Git\CFX\Documentation\Help\Working\BuildTopics.proj]
BuildAssembler : warning : ResolveReferenceLinksComponent: [T:CFX.Materials.Transport.MaterialTransportCompleted] Unknown reference link target &#39;T:CFX.CFXMessage&#39;. [C:\Code\Git\CFX\Documentation\Help\Working\BuildTopics.proj]
BuildAssembler : warning : ResolveReferenceLinksComponent: [T:CFX.Materials.Transport.MaterialTransportStarted] Unknown reference link target &#39;T:CFX.CFXMessage&#39;. [C:\Code\Git\CFX\Documentation\Help\Working\BuildTopics.proj]
BuildAssembler : warning : ResolveReferenceLinksComponent: [T:CFX.Production.ActivateRecipeRequest] Unknown reference link target &#39;T:CFX.CFXMessage&#39;. [C:\Code\Git\CFX\Documentation\Help\Working\BuildTopics.proj]
BuildAssembler : warning : ResolveReferenceLinksComponent: [T:CFX.Production.ActivateRecipeResponse] Unknown reference link target &#39;T:CFX.CFXMessage&#39;. [C:\Code\Git\CFX\Documentation\Help\Working\BuildTopics.proj]
BuildAssembler : warning : ResolveReferenceLinksComponent: [T:CFX.Production.BlockMaterialLocationResponse] Unknown reference link target &#39;T:CFX.CFXMessage&#39;. [C:\Code\Git\CFX\Documentation\Help\Working\BuildTopics.proj]
BuildAssembler : warning : ResolveReferenceLinksComponent: [T:CFX.Production.BlockMaterialLocationsRequest] Unknown reference link target &#39;T:CFX.CFXMessage&#39;. [C:\Code\Git\CFX\Documentation\Help\Working\BuildTopics.proj]
BuildAssembler : warning : ResolveReferenceLinksComponent: [P:CFX.Production.BlockMaterialLocationsRequest.Locations] Unknown reference link target &#39;T:CFX.MaterialLocation&#39;. [C:\Code\Git\CFX\Documentation\Help\Working\BuildTopics.proj]
BuildAssembler : warning : ResolveReferenceLinksComponent: [T:CFX.Production.GetActiveRecipeRequest] Unknown reference link target &#39;T:CFX.CFXMessage&#39;. [C:\Code\Git\CFX\Documentation\Help\Working\BuildTopics.proj]
BuildAssembler : warning : ResolveReferenceLinksComponent: [T:CFX.Production.GetActiveRecipeResponse] Unknown reference link target &#39;T:CFX.CFXMessage&#39;. [C:\Code\Git\CFX\Documentation\Help\Working\BuildTopics.proj]
BuildAssembler : warning : ResolveReferenceLinksComponent: [T:CFX.Production.GetRecipeRequest] Unknown reference link target &#39;T:CFX.CFXMessage&#39;. [C:\Code\Git\CFX\Documentation\Help\Working\BuildTopics.proj]
BuildAssembler : warning : ResolveReferenceLinksComponent: [T:CFX.Production.GetRecipeResponse] Unknown reference link target &#39;T:CFX.CFXMessage&#39;. [C:\Code\Git\CFX\Documentation\Help\Working\BuildTopics.proj]
BuildAssembler : warning : ResolveReferenceLinksComponent: [T:CFX.Production.GetRequiredSetupRequest] Unknown reference link target &#39;T:CFX.CFXMessage&#39;. [C:\Code\Git\CFX\Documentation\Help\Working\BuildTopics.proj]
BuildAssembler : warning : ResolveReferenceLinksComponent: [T:CFX.Production.GetRequiredSetupResponse] Unknown reference link target &#39;T:CFX.CFXMessage&#39;. [C:\Code\Git\CFX\Documentation\Help\Working\BuildTopics.proj]
BuildAssembler : warning : ResolveReferenceLinksComponent: [T:CFX.Production.LockLaneRequest] Unknown reference link target &#39;T:CFX.CFXMessage&#39;. [C:\Code\Git\CFX\Documentation\Help\Working\BuildTopics.proj]
BuildAssembler : warning : ResolveReferenceLinksComponent: [T:CFX.Production.LockLaneResponse] Unknown reference link target &#39;T:CFX.CFXMessage&#39;. [C:\Code\Git\CFX\Documentation\Help\Working\BuildTopics.proj]
BuildAssembler : warning : ResolveReferenceLinksComponent: [T:CFX.Production.LockStageRequest] Unknown reference link target &#39;T:CFX.CFXMessage&#39;. [C:\Code\Git\CFX\Documentation\Help\Working\BuildTopics.proj]
BuildAssembler : warning : ResolveReferenceLinksComponent: [T:CFX.Production.LockStageResponse] Unknown reference link target &#39;T:CFX.CFXMessage&#39;. [C:\Code\Git\CFX\Documentation\Help\Working\BuildTopics.proj]
BuildAssembler : warning : ResolveReferenceLinksComponent: [T:CFX.Production.LockStationRequest] Unknown reference link target &#39;T:CFX.CFXMessage&#39;. [C:\Code\Git\CFX\Documentation\Help\Working\BuildTopics.proj]
BuildAssembler : warning : ResolveReferenceLinksComponent: [T:CFX.Production.LockStationResponse] Unknown reference link target &#39;T:CFX.CFXMessage&#39;. [C:\Code\Git\CFX\Documentation\Help\Working\BuildTopics.proj]
BuildAssembler : warning : ResolveReferenceLinksComponent: [T:CFX.Production.OperatorActivated] Unknown reference link target &#39;T:CFX.CFXMessage&#39;. [C:\Code\Git\CFX\Documentation\Help\Working\BuildTopics.proj]
BuildAssembler : warning : ResolveReferenceLinksComponent: [T:CFX.Production.OperatorDeactivated] Unknown reference link target &#39;T:CFX.CFXMessage&#39;. [C:\Code\Git\CFX\Documentation\Help\Working\BuildTopics.proj]
BuildAssembler : warning : ResolveReferenceLinksComponent: [T:CFX.Production.ReadingsRecorded] Unknown reference link target &#39;T:CFX.CFXMessage&#39;. [C:\Code\Git\CFX\Documentation\Help\Working\BuildTopics.proj]
BuildAssembler : warning : ResolveReferenceLinksComponent: [T:CFX.Production.RecipeActivated] Unknown reference link target &#39;T:CFX.CFXMessage&#39;. [C:\Code\Git\CFX\Documentation\Help\Working\BuildTopics.proj]
BuildAssembler : warning : ResolveReferenceLinksComponent: [T:CFX.Production.RecipeModified] Unknown reference link target &#39;T:CFX.CFXMessage&#39;. [C:\Code\Git\CFX\Documentation\Help\Working\BuildTopics.proj]
BuildAssembler : warning : ResolveReferenceLinksComponent: [T:CFX.Production.SetupRequirementsChanged] Unknown reference link target &#39;T:CFX.CFXMessage&#39;. [C:\Code\Git\CFX\Documentation\Help\Working\BuildTopics.proj]
BuildAssembler : warning : ResolveReferenceLinksComponent: [T:CFX.Production.UnblockMaterialLocationResponse] Unknown reference link target &#39;T:CFX.CFXMessage&#39;. [C:\Code\Git\CFX\Documentation\Help\Working\BuildTopics.proj]
BuildAssembler : warning : ResolveReferenceLinksComponent: [T:CFX.Production.UnblockMaterialLocationsRequest] Unknown reference link target &#39;T:CFX.CFXMessage&#39;. [C:\Code\Git\CFX\Documentation\Help\Working\BuildTopics.proj]
BuildAssembler : warning : ResolveReferenceLinksComponent: [P:CFX.Production.UnblockMaterialLocationsRequest.Locations] Unknown reference link target &#39;T:CFX.MaterialLocation&#39;. [C:\Code\Git\CFX\Documentation\Help\Working\BuildTopics.proj]
BuildAssembler : warning : ResolveReferenceLinksComponent: [T:CFX.Production.UnitsArrived] Unknown reference link target &#39;T:CFX.CFXMessage&#39;. [C:\Code\Git\CFX\Documentation\Help\Working\BuildTopics.proj]
BuildAssembler : warning : ResolveReferenceLinksComponent: [T:CFX.Production.UnitsDeparted] Unknown reference link target &#39;T:CFX.CFXMessage&#39;. [C:\Code\Git\CFX\Documentation\Help\Working\BuildTopics.proj]
BuildAssembler : warning : ResolveReferenceLinksComponent: [T:CFX.Production.UnlockLaneRequest] Unknown reference link target &#39;T:CFX.CFXMessage&#39;. [C:\Code\Git\CFX\Documentation\Help\Working\BuildTopics.proj]
BuildAssembler : warning : ResolveReferenceLinksComponent: [T:CFX.Production.UnlockLaneResponse] Unknown reference link target &#39;T:CFX.CFXMessage&#39;. [C:\Code\Git\CFX\Documentation\Help\Working\BuildTopics.proj]
BuildAssembler : warning : ResolveReferenceLinksComponent: [T:CFX.Production.UnlockStageRequest] Unknown reference link target &#39;T:CFX.CFXMessage&#39;. [C:\Code\Git\CFX\Documentation\Help\Working\BuildTopics.proj]
BuildAssembler : warning : ResolveReferenceLinksComponent: [T:CFX.Production.UnlockStageResponse] Unknown reference link target &#39;T:CFX.CFXMessage&#39;. [C:\Code\Git\CFX\Documentation\Help\Working\BuildTopics.proj]
BuildAssembler : warning : ResolveReferenceLinksComponent: [T:CFX.Production.UnlockStationRequest] Unknown reference link target &#39;T:CFX.CFXMessage&#39;. [C:\Code\Git\CFX\Documentation\Help\Working\BuildTopics.proj]
BuildAssembler : warning : ResolveReferenceLinksComponent: [T:CFX.Production.UnlockStationResponse] Unknown reference link target &#39;T:CFX.CFXMessage&#39;. [C:\Code\Git\CFX\Documentation\Help\Working\BuildTopics.proj]
BuildAssembler : warning : ResolveReferenceLinksComponent: [T:CFX.Production.UpdateRecipeRequest] Unknown reference link target &#39;T:CFX.CFXMessage&#39;. [C:\Code\Git\CFX\Documentation\Help\Working\BuildTopics.proj]
BuildAssembler : warning : ResolveReferenceLinksComponent: [T:CFX.Production.UpdateRecipeResponse] Unknown reference link target &#39;T:CFX.CFXMessage&#39;. [C:\Code\Git\CFX\Documentation\Help\Working\BuildTopics.proj]
BuildAssembler : warning : ResolveReferenceLinksComponent: [T:CFX.Production.WorkCompleted] Unknown reference link target &#39;T:CFX.CFXMessage&#39;. [C:\Code\Git\CFX\Documentation\Help\Working\BuildTopics.proj]
BuildAssembler : warning : ResolveReferenceLinksComponent: [T:CFX.Production.WorkStageCompleted] Unknown reference link target &#39;T:CFX.CFXMessage&#39;. [C:\Code\Git\CFX\Documentation\Help\Working\BuildTopics.proj]
BuildAssembler : warning : ResolveReferenceLinksComponent: [T:CFX.Production.WorkStagePaused] Unknown reference link target &#39;T:CFX.CFXMessage&#39;. [C:\Code\Git\CFX\Documentation\Help\Working\BuildTopics.proj]
BuildAssembler : warning : ResolveReferenceLinksComponent: [T:CFX.Production.WorkStageResumed] Unknown reference link target &#39;T:CFX.CFXMessage&#39;. [C:\Code\Git\CFX\Documentation\Help\Working\BuildTopics.proj]
BuildAssembler : warning : ResolveReferenceLinksComponent: [T:CFX.Production.WorkStageStarted] Unknown reference link target &#39;T:CFX.CFXMessage&#39;. [C:\Code\Git\CFX\Documentation\Help\Working\BuildTopics.proj]
BuildAssembler : warning : ResolveReferenceLinksComponent: [T:CFX.Production.WorkStarted] Unknown reference link target &#39;T:CFX.CFXMessage&#39;. [C:\Code\Git\CFX\Documentation\Help\Working\BuildTopics.proj]
BuildAssembler : warning : ResolveReferenceLinksComponent: [T:CFX.Sensor.Identification.IdentifyUnitsRequest] Unknown reference link target &#39;T:CFX.CFXMessage&#39;. [C:\Code\Git\CFX\Documentation\Help\Working\BuildTopics.proj]
BuildAssembler : warning : ResolveReferenceLinksComponent: [T:CFX.Sensor.Identification.IdentifyUnitsResponse] Unknown reference link target &#39;T:CFX.CFXMessage&#39;. [C:\Code\Git\CFX\Documentation\Help\Working\BuildTopics.proj]
  Processed 561 topic(s)
  81 warning(s)
  CopyFromIndexComponent: &quot;reflection&quot; in-memory cache entries used: 3 of 15.
  CopyFromIndexComponent: &quot;comments&quot; in-memory cache entries used: 1 of 30.
Done Building Project &quot;C:\Code\Git\CFX\Documentation\Help\Working\BuildTopics.proj&quot; (default targets).

Build succeeded.

Time Elapsed 00:00:08.01
    Last step completed in 00:00:08.1459
</buildStep>
<buildStep step="CombiningIntermediateTocFiles">
Combining conceptual and API intermediate TOC files...
    Last step completed in 00:00:00.0025
</buildStep>
<buildStep step="ExtractingHtmlInfo">
Extracting HTML info for HTML Help 1 and/or website...
[C:\Program Files (x86)\MSBuild\14.0\bin\amd64\MSBuild.exe - ExtractHtmlInfo.proj]
Sandcastle Help File Builder and Tools, version 2017.5.15.0
Copyright c 2006-2017, Eric Woodruff, All Rights Reserved
E-Mail: Eric@EWoodruff.us

Using LCID &#39;1033&#39;, code page &#39;65001&#39;, encoding charset &#39;UTF-8&#39;.

Processing Help 1 files in C:\Code\Git\CFX\Documentation\Help\Working\Output\HtmlHelp1
Processed 561 HTML files
Sorting keywords and generating See Also indices
Saving HTML Help 1 keyword index to C:\Code\Git\CFX\Documentation\Help\Working\CFXLibrary.hhk
Saving HTML Help 1 table of contents to C:\Code\Git\CFX\Documentation\Help\Working\CFXLibrary.hhc
    Last step completed in 00:00:00.4412
</buildStep>
<buildStep step="CopyStandardHelpContent">
Copying standard help content...
C:\Program Files (x86)\EWSoftware\Sandcastle Help File Builder\PresentationStyles\VS2013\icons\AlertCaution.png -&gt; C:\Code\Git\CFX\Documentation\Help\Working\Output\HtmlHelp1\icons\AlertCaution.png
C:\Program Files (x86)\EWSoftware\Sandcastle Help File Builder\PresentationStyles\VS2013\icons\AlertNote.png -&gt; C:\Code\Git\CFX\Documentation\Help\Working\Output\HtmlHelp1\icons\AlertNote.png
C:\Program Files (x86)\EWSoftware\Sandcastle Help File Builder\PresentationStyles\VS2013\icons\AlertSecurity.png -&gt; C:\Code\Git\CFX\Documentation\Help\Working\Output\HtmlHelp1\icons\AlertSecurity.png
C:\Program Files (x86)\EWSoftware\Sandcastle Help File Builder\PresentationStyles\VS2013\icons\CFW.gif -&gt; C:\Code\Git\CFX\Documentation\Help\Working\Output\HtmlHelp1\icons\CFW.gif
C:\Program Files (x86)\EWSoftware\Sandcastle Help File Builder\PresentationStyles\VS2013\icons\CodeExample.png -&gt; C:\Code\Git\CFX\Documentation\Help\Working\Output\HtmlHelp1\icons\CodeExample.png
C:\Program Files (x86)\EWSoftware\Sandcastle Help File Builder\PresentationStyles\VS2013\icons\favicon.ico -&gt; C:\Code\Git\CFX\Documentation\Help\Working\Output\HtmlHelp1\icons\favicon.ico
C:\Program Files (x86)\EWSoftware\Sandcastle Help File Builder\PresentationStyles\VS2013\icons\privclass.gif -&gt; C:\Code\Git\CFX\Documentation\Help\Working\Output\HtmlHelp1\icons\privclass.gif
C:\Program Files (x86)\EWSoftware\Sandcastle Help File Builder\PresentationStyles\VS2013\icons\privdelegate.gif -&gt; C:\Code\Git\CFX\Documentation\Help\Working\Output\HtmlHelp1\icons\privdelegate.gif
C:\Program Files (x86)\EWSoftware\Sandcastle Help File Builder\PresentationStyles\VS2013\icons\privenumeration.gif -&gt; C:\Code\Git\CFX\Documentation\Help\Working\Output\HtmlHelp1\icons\privenumeration.gif
C:\Program Files (x86)\EWSoftware\Sandcastle Help File Builder\PresentationStyles\VS2013\icons\privevent.gif -&gt; C:\Code\Git\CFX\Documentation\Help\Working\Output\HtmlHelp1\icons\privevent.gif
C:\Program Files (x86)\EWSoftware\Sandcastle Help File Builder\PresentationStyles\VS2013\icons\privextension.gif -&gt; C:\Code\Git\CFX\Documentation\Help\Working\Output\HtmlHelp1\icons\privextension.gif
C:\Program Files (x86)\EWSoftware\Sandcastle Help File Builder\PresentationStyles\VS2013\icons\privfield.gif -&gt; C:\Code\Git\CFX\Documentation\Help\Working\Output\HtmlHelp1\icons\privfield.gif
C:\Program Files (x86)\EWSoftware\Sandcastle Help File Builder\PresentationStyles\VS2013\icons\privinterface.gif -&gt; C:\Code\Git\CFX\Documentation\Help\Working\Output\HtmlHelp1\icons\privinterface.gif
C:\Program Files (x86)\EWSoftware\Sandcastle Help File Builder\PresentationStyles\VS2013\icons\privmethod.gif -&gt; C:\Code\Git\CFX\Documentation\Help\Working\Output\HtmlHelp1\icons\privmethod.gif
C:\Program Files (x86)\EWSoftware\Sandcastle Help File Builder\PresentationStyles\VS2013\icons\privproperty.gif -&gt; C:\Code\Git\CFX\Documentation\Help\Working\Output\HtmlHelp1\icons\privproperty.gif
C:\Program Files (x86)\EWSoftware\Sandcastle Help File Builder\PresentationStyles\VS2013\icons\privstructure.gif -&gt; C:\Code\Git\CFX\Documentation\Help\Working\Output\HtmlHelp1\icons\privstructure.gif
C:\Program Files (x86)\EWSoftware\Sandcastle Help File Builder\PresentationStyles\VS2013\icons\protclass.gif -&gt; C:\Code\Git\CFX\Documentation\Help\Working\Output\HtmlHelp1\icons\protclass.gif
C:\Program Files (x86)\EWSoftware\Sandcastle Help File Builder\PresentationStyles\VS2013\icons\protdelegate.gif -&gt; C:\Code\Git\CFX\Documentation\Help\Working\Output\HtmlHelp1\icons\protdelegate.gif
C:\Program Files (x86)\EWSoftware\Sandcastle Help File Builder\PresentationStyles\VS2013\icons\protenumeration.gif -&gt; C:\Code\Git\CFX\Documentation\Help\Working\Output\HtmlHelp1\icons\protenumeration.gif
C:\Program Files (x86)\EWSoftware\Sandcastle Help File Builder\PresentationStyles\VS2013\icons\protevent.gif -&gt; C:\Code\Git\CFX\Documentation\Help\Working\Output\HtmlHelp1\icons\protevent.gif
C:\Program Files (x86)\EWSoftware\Sandcastle Help File Builder\PresentationStyles\VS2013\icons\protextension.gif -&gt; C:\Code\Git\CFX\Documentation\Help\Working\Output\HtmlHelp1\icons\protextension.gif
C:\Program Files (x86)\EWSoftware\Sandcastle Help File Builder\PresentationStyles\VS2013\icons\protfield.gif -&gt; C:\Code\Git\CFX\Documentation\Help\Working\Output\HtmlHelp1\icons\protfield.gif
C:\Program Files (x86)\EWSoftware\Sandcastle Help File Builder\PresentationStyles\VS2013\icons\protinterface.gif -&gt; C:\Code\Git\CFX\Documentation\Help\Working\Output\HtmlHelp1\icons\protinterface.gif
C:\Program Files (x86)\EWSoftware\Sandcastle Help File Builder\PresentationStyles\VS2013\icons\protmethod.gif -&gt; C:\Code\Git\CFX\Documentation\Help\Working\Output\HtmlHelp1\icons\protmethod.gif
C:\Program Files (x86)\EWSoftware\Sandcastle Help File Builder\PresentationStyles\VS2013\icons\protoperator.gif -&gt; C:\Code\Git\CFX\Documentation\Help\Working\Output\HtmlHelp1\icons\protoperator.gif
C:\Program Files (x86)\EWSoftware\Sandcastle Help File Builder\PresentationStyles\VS2013\icons\protproperty.gif -&gt; C:\Code\Git\CFX\Documentation\Help\Working\Output\HtmlHelp1\icons\protproperty.gif
C:\Program Files (x86)\EWSoftware\Sandcastle Help File Builder\PresentationStyles\VS2013\icons\protstructure.gif -&gt; C:\Code\Git\CFX\Documentation\Help\Working\Output\HtmlHelp1\icons\protstructure.gif
C:\Program Files (x86)\EWSoftware\Sandcastle Help File Builder\PresentationStyles\VS2013\icons\pubclass.gif -&gt; C:\Code\Git\CFX\Documentation\Help\Working\Output\HtmlHelp1\icons\pubclass.gif
C:\Program Files (x86)\EWSoftware\Sandcastle Help File Builder\PresentationStyles\VS2013\icons\pubdelegate.gif -&gt; C:\Code\Git\CFX\Documentation\Help\Working\Output\HtmlHelp1\icons\pubdelegate.gif
C:\Program Files (x86)\EWSoftware\Sandcastle Help File Builder\PresentationStyles\VS2013\icons\pubenumeration.gif -&gt; C:\Code\Git\CFX\Documentation\Help\Working\Output\HtmlHelp1\icons\pubenumeration.gif
C:\Program Files (x86)\EWSoftware\Sandcastle Help File Builder\PresentationStyles\VS2013\icons\pubevent.gif -&gt; C:\Code\Git\CFX\Documentation\Help\Working\Output\HtmlHelp1\icons\pubevent.gif
C:\Program Files (x86)\EWSoftware\Sandcastle Help File Builder\PresentationStyles\VS2013\icons\pubextension.gif -&gt; C:\Code\Git\CFX\Documentation\Help\Working\Output\HtmlHelp1\icons\pubextension.gif
C:\Program Files (x86)\EWSoftware\Sandcastle Help File Builder\PresentationStyles\VS2013\icons\pubfield.gif -&gt; C:\Code\Git\CFX\Documentation\Help\Working\Output\HtmlHelp1\icons\pubfield.gif
C:\Program Files (x86)\EWSoftware\Sandcastle Help File Builder\PresentationStyles\VS2013\icons\pubinterface.gif -&gt; C:\Code\Git\CFX\Documentation\Help\Working\Output\HtmlHelp1\icons\pubinterface.gif
C:\Program Files (x86)\EWSoftware\Sandcastle Help File Builder\PresentationStyles\VS2013\icons\pubmethod.gif -&gt; C:\Code\Git\CFX\Documentation\Help\Working\Output\HtmlHelp1\icons\pubmethod.gif
C:\Program Files (x86)\EWSoftware\Sandcastle Help File Builder\PresentationStyles\VS2013\icons\puboperator.gif -&gt; C:\Code\Git\CFX\Documentation\Help\Working\Output\HtmlHelp1\icons\puboperator.gif
C:\Program Files (x86)\EWSoftware\Sandcastle Help File Builder\PresentationStyles\VS2013\icons\pubproperty.gif -&gt; C:\Code\Git\CFX\Documentation\Help\Working\Output\HtmlHelp1\icons\pubproperty.gif
C:\Program Files (x86)\EWSoftware\Sandcastle Help File Builder\PresentationStyles\VS2013\icons\pubstructure.gif -&gt; C:\Code\Git\CFX\Documentation\Help\Working\Output\HtmlHelp1\icons\pubstructure.gif
C:\Program Files (x86)\EWSoftware\Sandcastle Help File Builder\PresentationStyles\VS2013\icons\SectionCollapsed.png -&gt; C:\Code\Git\CFX\Documentation\Help\Working\Output\HtmlHelp1\icons\SectionCollapsed.png
C:\Program Files (x86)\EWSoftware\Sandcastle Help File Builder\PresentationStyles\VS2013\icons\SectionExpanded.png -&gt; C:\Code\Git\CFX\Documentation\Help\Working\Output\HtmlHelp1\icons\SectionExpanded.png
C:\Program Files (x86)\EWSoftware\Sandcastle Help File Builder\PresentationStyles\VS2013\icons\slMobile.gif -&gt; C:\Code\Git\CFX\Documentation\Help\Working\Output\HtmlHelp1\icons\slMobile.gif
C:\Program Files (x86)\EWSoftware\Sandcastle Help File Builder\PresentationStyles\VS2013\icons\static.gif -&gt; C:\Code\Git\CFX\Documentation\Help\Working\Output\HtmlHelp1\icons\static.gif
C:\Program Files (x86)\EWSoftware\Sandcastle Help File Builder\PresentationStyles\VS2013\icons\xna.gif -&gt; C:\Code\Git\CFX\Documentation\Help\Working\Output\HtmlHelp1\icons\xna.gif
C:\Program Files (x86)\EWSoftware\Sandcastle Help File Builder\PresentationStyles\VS2013\scripts\branding.js -&gt; C:\Code\Git\CFX\Documentation\Help\Working\Output\HtmlHelp1\scripts\branding.js
C:\Program Files (x86)\EWSoftware\Sandcastle Help File Builder\PresentationStyles\VS2013\styles\branding-cs-CZ.css -&gt; C:\Code\Git\CFX\Documentation\Help\Working\Output\HtmlHelp1\styles\branding-cs-CZ.css
C:\Program Files (x86)\EWSoftware\Sandcastle Help File Builder\PresentationStyles\VS2013\styles\branding-de-DE.css -&gt; C:\Code\Git\CFX\Documentation\Help\Working\Output\HtmlHelp1\styles\branding-de-DE.css
C:\Program Files (x86)\EWSoftware\Sandcastle Help File Builder\PresentationStyles\VS2013\styles\branding-en-US.css -&gt; C:\Code\Git\CFX\Documentation\Help\Working\Output\HtmlHelp1\styles\branding-en-US.css
C:\Program Files (x86)\EWSoftware\Sandcastle Help File Builder\PresentationStyles\VS2013\styles\branding-es-ES.css -&gt; C:\Code\Git\CFX\Documentation\Help\Working\Output\HtmlHelp1\styles\branding-es-ES.css
C:\Program Files (x86)\EWSoftware\Sandcastle Help File Builder\PresentationStyles\VS2013\styles\branding-fr-FR.css -&gt; C:\Code\Git\CFX\Documentation\Help\Working\Output\HtmlHelp1\styles\branding-fr-FR.css
C:\Program Files (x86)\EWSoftware\Sandcastle Help File Builder\PresentationStyles\VS2013\styles\branding-Help1.css -&gt; C:\Code\Git\CFX\Documentation\Help\Working\Output\HtmlHelp1\styles\branding-Help1.css
C:\Program Files (x86)\EWSoftware\Sandcastle Help File Builder\PresentationStyles\VS2013\styles\branding-HelpViewer.css -&gt; C:\Code\Git\CFX\Documentation\Help\Working\Output\HtmlHelp1\styles\branding-HelpViewer.css
C:\Program Files (x86)\EWSoftware\Sandcastle Help File Builder\PresentationStyles\VS2013\styles\branding-it-IT.css -&gt; C:\Code\Git\CFX\Documentation\Help\Working\Output\HtmlHelp1\styles\branding-it-IT.css
C:\Program Files (x86)\EWSoftware\Sandcastle Help File Builder\PresentationStyles\VS2013\styles\branding-ja-JP.css -&gt; C:\Code\Git\CFX\Documentation\Help\Working\Output\HtmlHelp1\styles\branding-ja-JP.css
C:\Program Files (x86)\EWSoftware\Sandcastle Help File Builder\PresentationStyles\VS2013\styles\branding-ko-KR.css -&gt; C:\Code\Git\CFX\Documentation\Help\Working\Output\HtmlHelp1\styles\branding-ko-KR.css
C:\Program Files (x86)\EWSoftware\Sandcastle Help File Builder\PresentationStyles\VS2013\styles\branding-pl-PL.css -&gt; C:\Code\Git\CFX\Documentation\Help\Working\Output\HtmlHelp1\styles\branding-pl-PL.css
C:\Program Files (x86)\EWSoftware\Sandcastle Help File Builder\PresentationStyles\VS2013\styles\branding-pt-BR.css -&gt; C:\Code\Git\CFX\Documentation\Help\Working\Output\HtmlHelp1\styles\branding-pt-BR.css
C:\Program Files (x86)\EWSoftware\Sandcastle Help File Builder\PresentationStyles\VS2013\styles\branding-ru-RU.css -&gt; C:\Code\Git\CFX\Documentation\Help\Working\Output\HtmlHelp1\styles\branding-ru-RU.css
C:\Program Files (x86)\EWSoftware\Sandcastle Help File Builder\PresentationStyles\VS2013\styles\branding-tr-TR.css -&gt; C:\Code\Git\CFX\Documentation\Help\Working\Output\HtmlHelp1\styles\branding-tr-TR.css
C:\Program Files (x86)\EWSoftware\Sandcastle Help File Builder\PresentationStyles\VS2013\styles\branding-Website.css -&gt; C:\Code\Git\CFX\Documentation\Help\Working\Output\HtmlHelp1\styles\branding-Website.css
C:\Program Files (x86)\EWSoftware\Sandcastle Help File Builder\PresentationStyles\VS2013\styles\branding-zh-CN.css -&gt; C:\Code\Git\CFX\Documentation\Help\Working\Output\HtmlHelp1\styles\branding-zh-CN.css
C:\Program Files (x86)\EWSoftware\Sandcastle Help File Builder\PresentationStyles\VS2013\styles\branding-zh-TW.css -&gt; C:\Code\Git\CFX\Documentation\Help\Working\Output\HtmlHelp1\styles\branding-zh-TW.css
C:\Program Files (x86)\EWSoftware\Sandcastle Help File Builder\PresentationStyles\VS2013\styles\branding.css -&gt; C:\Code\Git\CFX\Documentation\Help\Working\Output\HtmlHelp1\styles\branding.css
    Last step completed in 00:00:00.1050
</buildStep>
<buildStep step="GenerateHelpFormatTableOfContents">
Generating HTML Help 1 table of contents file...
    Last step completed in 00:00:00.0000
</buildStep>
<buildStep step="GenerateHelpFileIndex">
Generating HTML Help 1 index file...
    Last step completed in 00:00:00.0000
</buildStep>
<buildStep step="GenerateHelpProject">
Generating HTML Help 1 project file...
    Last step completed in 00:00:00.0060
</buildStep>
<buildStep step="CompilingHelpFile">
Compiling HTML Help 1 file...
[C:\Program Files (x86)\MSBuild\14.0\bin\amd64\MSBuild.exe - Build1xHelpFile.proj]
  Microsoft HTML Help Compiler 4.74.8702
  
  
  
  Compiling c:\Code\Git\CFX\Documentation\Help\Working\Output\HtmlHelp1\CFXLibrary.chm
  
  
  
  
  
  Compile time: 0 minutes, 2 seconds
  
  563	Topics
  
  5,896	Local links
  
  0	Internet links
  
  0	Graphics
  
  
  
  
  
  Created c:\Code\Git\CFX\Documentation\Help\Working\Output\HtmlHelp1\CFXLibrary.chm, 519,775 bytes
  
  Compression decreased file by 3,402,188 bytes.
  
    Last step completed in 00:00:02.7918
</buildStep>
<buildStep step="CleanIntermediates">
Removing intermediate files...
    Last step completed in 00:00:00.2136
</buildStep>
<buildStep step="Completed">

Build completed successfully at 12/15/2017 2:18:59 PM.  Total time: 00:00:14.4032

</buildStep>
</shfbBuild>
